[INFO ] 2025-01-18 20:01:39.619 [File Watcher] [quiz-management-service] org.springframework.boot.devtools.autoconfigure.LocalDevToolsAutoConfiguration$RestartingClassPathChangeChangedEventListener - Restarting due to 2 class path changes (0 additions, 0 deletions, 2 modifications)
[INFO ] 2025-01-18 20:01:39.642 [Thread-33] [quiz-management-service] org.springframework.boot.web.embedded.tomcat.GracefulShutdown - Commencing graceful shutdown. Waiting for active requests to complete
[INFO ] 2025-01-18 20:01:39.643 [tomcat-shutdown] [quiz-management-service] org.apache.coyote.http11.Http11NioProtocol - Pausing ProtocolHandler ["http-nio-8082"]
[INFO ] 2025-01-18 20:01:39.670 [tomcat-shutdown] [quiz-management-service] org.springframework.boot.web.embedded.tomcat.GracefulShutdown - Graceful shutdown complete
[INFO ] 2025-01-18 20:01:39.670 [Thread-33] [quiz-management-service] org.apache.coyote.http11.Http11NioProtocol - Stopping ProtocolHandler ["http-nio-8082"]
[INFO ] 2025-01-18 20:01:39.672 [Thread-33] [quiz-management-service] org.springframework.orm.jpa.LocalContainerEntityManagerFactoryBean - Closing JPA EntityManagerFactory for persistence unit 'default'
[INFO ] 2025-01-18 20:01:39.673 [Thread-33] [quiz-management-service] com.zaxxer.hikari.HikariDataSource - HikariPool-9 - Shutdown initiated...
[INFO ] 2025-01-18 20:01:39.675 [Thread-33] [quiz-management-service] com.zaxxer.hikari.HikariDataSource - HikariPool-9 - Shutdown completed.
[INFO ] 2025-01-18 20:01:39.746 [restartedMain] [quiz-management-service] com.example.quiz_management_service.QuizManagementServiceApplication - Starting QuizManagementServiceApplication using Java 17.0.12 with PID 1456 (D:\AMEER\Quiz-Application\quiz-management-service\quiz-management-service\target\classes started by Ashif in D:\AMEER\Quiz-Application\quiz-management-service\quiz-management-service)
[INFO ] 2025-01-18 20:01:39.746 [restartedMain] [quiz-management-service] com.example.quiz_management_service.QuizManagementServiceApplication - No active profile set, falling back to 1 default profile: "default"
[INFO ] 2025-01-18 20:01:39.876 [restartedMain] [quiz-management-service] org.springframework.data.repository.config.RepositoryConfigurationDelegate - Bootstrapping Spring Data JPA repositories in DEFAULT mode.
[INFO ] 2025-01-18 20:01:39.894 [restartedMain] [quiz-management-service] org.springframework.data.repository.config.RepositoryConfigurationDelegate - Finished Spring Data repository scanning in 17 ms. Found 6 JPA repository interfaces.
[INFO ] 2025-01-18 20:01:39.962 [restartedMain] [quiz-management-service] org.springframework.boot.web.embedded.tomcat.TomcatWebServer - Tomcat initialized with port 8082 (http)
[INFO ] 2025-01-18 20:01:39.963 [restartedMain] [quiz-management-service] org.apache.coyote.http11.Http11NioProtocol - Initializing ProtocolHandler ["http-nio-8082"]
[INFO ] 2025-01-18 20:01:39.963 [restartedMain] [quiz-management-service] org.apache.catalina.core.StandardService - Starting service [Tomcat]
[INFO ] 2025-01-18 20:01:39.963 [restartedMain] [quiz-management-service] org.apache.catalina.core.StandardEngine - Starting Servlet engine: [Apache Tomcat/10.1.34]
[INFO ] 2025-01-18 20:01:39.982 [restartedMain] [quiz-management-service] org.apache.catalina.core.ContainerBase.[Tomcat-2].[localhost].[/] - Initializing Spring embedded WebApplicationContext
[INFO ] 2025-01-18 20:01:39.982 [restartedMain] [quiz-management-service] org.springframework.boot.web.servlet.context.ServletWebServerApplicationContext - Root WebApplicationContext: initialization completed in 235 ms
[INFO ] 2025-01-18 20:01:40.006 [restartedMain] [quiz-management-service] org.hibernate.jpa.internal.util.LogHelper - HHH000204: Processing PersistenceUnitInfo [name: default]
[INFO ] 2025-01-18 20:01:40.009 [restartedMain] [quiz-management-service] org.hibernate.cache.internal.RegionFactoryInitiator - HHH000026: Second-level cache disabled
[INFO ] 2025-01-18 20:01:40.013 [restartedMain] [quiz-management-service] org.springframework.orm.jpa.persistenceunit.SpringPersistenceUnitInfo - No LoadTimeWeaver setup: ignoring JPA class transformer
[INFO ] 2025-01-18 20:01:40.014 [restartedMain] [quiz-management-service] com.zaxxer.hikari.HikariDataSource - HikariPool-10 - Starting...
[INFO ] 2025-01-18 20:01:40.021 [restartedMain] [quiz-management-service] com.zaxxer.hikari.pool.HikariPool - HikariPool-10 - Added connection com.mysql.cj.jdbc.ConnectionImpl@72f08b01
[INFO ] 2025-01-18 20:01:40.022 [restartedMain] [quiz-management-service] com.zaxxer.hikari.HikariDataSource - HikariPool-10 - Start completed.
[INFO ] 2025-01-18 20:01:40.024 [restartedMain] [quiz-management-service] org.hibernate.orm.connections.pooling - HHH10001005: Database info:
	Database JDBC URL [Connecting through datasource 'HikariDataSource (HikariPool-10)']
	Database driver: undefined/unknown
	Database version: 8.3
	Autocommit mode: undefined/unknown
	Isolation level: undefined/unknown
	Minimum pool size: undefined/unknown
	Maximum pool size: undefined/unknown
[INFO ] 2025-01-18 20:01:40.085 [restartedMain] [quiz-management-service] org.hibernate.engine.transaction.jta.platform.internal.JtaPlatformInitiator - HHH000489: No JTA platform available (set 'hibernate.transaction.jta.platform' to enable JTA platform integration)
[INFO ] 2025-01-18 20:01:40.122 [restartedMain] [quiz-management-service] org.springframework.orm.jpa.LocalContainerEntityManagerFactoryBean - Initialized JPA EntityManagerFactory for persistence unit 'default'
[WARN ] 2025-01-18 20:01:40.199 [restartedMain] [quiz-management-service] org.springframework.boot.autoconfigure.orm.jpa.JpaBaseConfiguration$JpaWebConfiguration - spring.jpa.open-in-view is enabled by default. Therefore, database queries may be performed during view rendering. Explicitly configure spring.jpa.open-in-view to disable this warning
[INFO ] 2025-01-18 20:01:40.296 [restartedMain] [quiz-management-service] org.springframework.boot.devtools.autoconfigure.OptionalLiveReloadServer - LiveReload server is running on port 35729
[INFO ] 2025-01-18 20:01:40.302 [restartedMain] [quiz-management-service] org.apache.coyote.http11.Http11NioProtocol - Starting ProtocolHandler ["http-nio-8082"]
[INFO ] 2025-01-18 20:01:40.309 [restartedMain] [quiz-management-service] org.springframework.boot.web.embedded.tomcat.TomcatWebServer - Tomcat started on port 8082 (http) with context path '/'
[INFO ] 2025-01-18 20:01:40.312 [restartedMain] [quiz-management-service] com.example.quiz_management_service.QuizManagementServiceApplication - Started QuizManagementServiceApplication in 0.59 seconds (process running for 3103.159)
[INFO ] 2025-01-18 20:01:40.313 [restartedMain] [quiz-management-service] org.springframework.boot.devtools.autoconfigure.ConditionEvaluationDeltaLoggingListener - Condition evaluation unchanged
[INFO ] 2025-01-18 20:02:31.109 [File Watcher] [quiz-management-service] org.springframework.boot.devtools.autoconfigure.LocalDevToolsAutoConfiguration$RestartingClassPathChangeChangedEventListener - Restarting due to 1 class path change (0 additions, 0 deletions, 1 modification)
[INFO ] 2025-01-18 20:02:31.112 [Thread-37] [quiz-management-service] org.springframework.boot.web.embedded.tomcat.GracefulShutdown - Commencing graceful shutdown. Waiting for active requests to complete
[INFO ] 2025-01-18 20:02:31.112 [tomcat-shutdown] [quiz-management-service] org.apache.coyote.http11.Http11NioProtocol - Pausing ProtocolHandler ["http-nio-8082"]
[INFO ] 2025-01-18 20:02:31.141 [tomcat-shutdown] [quiz-management-service] org.springframework.boot.web.embedded.tomcat.GracefulShutdown - Graceful shutdown complete
[INFO ] 2025-01-18 20:02:31.141 [Thread-37] [quiz-management-service] org.apache.coyote.http11.Http11NioProtocol - Stopping ProtocolHandler ["http-nio-8082"]
[INFO ] 2025-01-18 20:02:31.143 [Thread-37] [quiz-management-service] org.springframework.orm.jpa.LocalContainerEntityManagerFactoryBean - Closing JPA EntityManagerFactory for persistence unit 'default'
[INFO ] 2025-01-18 20:02:31.144 [Thread-37] [quiz-management-service] com.zaxxer.hikari.HikariDataSource - HikariPool-10 - Shutdown initiated...
[INFO ] 2025-01-18 20:02:31.146 [Thread-37] [quiz-management-service] com.zaxxer.hikari.HikariDataSource - HikariPool-10 - Shutdown completed.
[INFO ] 2025-01-18 20:02:31.211 [restartedMain] [quiz-management-service] com.example.quiz_management_service.QuizManagementServiceApplication - Starting QuizManagementServiceApplication using Java 17.0.12 with PID 1456 (D:\AMEER\Quiz-Application\quiz-management-service\quiz-management-service\target\classes started by Ashif in D:\AMEER\Quiz-Application\quiz-management-service\quiz-management-service)
[INFO ] 2025-01-18 20:02:31.211 [restartedMain] [quiz-management-service] com.example.quiz_management_service.QuizManagementServiceApplication - No active profile set, falling back to 1 default profile: "default"
[INFO ] 2025-01-18 20:02:31.328 [restartedMain] [quiz-management-service] org.springframework.data.repository.config.RepositoryConfigurationDelegate - Bootstrapping Spring Data JPA repositories in DEFAULT mode.
[INFO ] 2025-01-18 20:02:31.345 [restartedMain] [quiz-management-service] org.springframework.data.repository.config.RepositoryConfigurationDelegate - Finished Spring Data repository scanning in 15 ms. Found 6 JPA repository interfaces.
[INFO ] 2025-01-18 20:02:31.397 [restartedMain] [quiz-management-service] org.springframework.boot.web.embedded.tomcat.TomcatWebServer - Tomcat initialized with port 8082 (http)
[INFO ] 2025-01-18 20:02:31.397 [restartedMain] [quiz-management-service] org.apache.coyote.http11.Http11NioProtocol - Initializing ProtocolHandler ["http-nio-8082"]
[INFO ] 2025-01-18 20:02:31.397 [restartedMain] [quiz-management-service] org.apache.catalina.core.StandardService - Starting service [Tomcat]
[INFO ] 2025-01-18 20:02:31.397 [restartedMain] [quiz-management-service] org.apache.catalina.core.StandardEngine - Starting Servlet engine: [Apache Tomcat/10.1.34]
[INFO ] 2025-01-18 20:02:31.418 [restartedMain] [quiz-management-service] org.apache.catalina.core.ContainerBase.[Tomcat-2].[localhost].[/] - Initializing Spring embedded WebApplicationContext
[INFO ] 2025-01-18 20:02:31.418 [restartedMain] [quiz-management-service] org.springframework.boot.web.servlet.context.ServletWebServerApplicationContext - Root WebApplicationContext: initialization completed in 205 ms
[INFO ] 2025-01-18 20:02:31.437 [restartedMain] [quiz-management-service] org.hibernate.jpa.internal.util.LogHelper - HHH000204: Processing PersistenceUnitInfo [name: default]
[INFO ] 2025-01-18 20:02:31.438 [restartedMain] [quiz-management-service] org.hibernate.cache.internal.RegionFactoryInitiator - HHH000026: Second-level cache disabled
[INFO ] 2025-01-18 20:02:31.443 [restartedMain] [quiz-management-service] org.springframework.orm.jpa.persistenceunit.SpringPersistenceUnitInfo - No LoadTimeWeaver setup: ignoring JPA class transformer
[INFO ] 2025-01-18 20:02:31.444 [restartedMain] [quiz-management-service] com.zaxxer.hikari.HikariDataSource - HikariPool-11 - Starting...
[INFO ] 2025-01-18 20:02:31.449 [restartedMain] [quiz-management-service] com.zaxxer.hikari.pool.HikariPool - HikariPool-11 - Added connection com.mysql.cj.jdbc.ConnectionImpl@55bd402b
[INFO ] 2025-01-18 20:02:31.450 [restartedMain] [quiz-management-service] com.zaxxer.hikari.HikariDataSource - HikariPool-11 - Start completed.
[INFO ] 2025-01-18 20:02:31.453 [restartedMain] [quiz-management-service] org.hibernate.orm.connections.pooling - HHH10001005: Database info:
	Database JDBC URL [Connecting through datasource 'HikariDataSource (HikariPool-11)']
	Database driver: undefined/unknown
	Database version: 8.3
	Autocommit mode: undefined/unknown
	Isolation level: undefined/unknown
	Minimum pool size: undefined/unknown
	Maximum pool size: undefined/unknown
[INFO ] 2025-01-18 20:02:31.509 [restartedMain] [quiz-management-service] org.hibernate.engine.transaction.jta.platform.internal.JtaPlatformInitiator - HHH000489: No JTA platform available (set 'hibernate.transaction.jta.platform' to enable JTA platform integration)
[INFO ] 2025-01-18 20:02:31.537 [restartedMain] [quiz-management-service] org.springframework.orm.jpa.LocalContainerEntityManagerFactoryBean - Initialized JPA EntityManagerFactory for persistence unit 'default'
[WARN ] 2025-01-18 20:02:31.618 [restartedMain] [quiz-management-service] org.springframework.boot.autoconfigure.orm.jpa.JpaBaseConfiguration$JpaWebConfiguration - spring.jpa.open-in-view is enabled by default. Therefore, database queries may be performed during view rendering. Explicitly configure spring.jpa.open-in-view to disable this warning
[INFO ] 2025-01-18 20:02:31.708 [restartedMain] [quiz-management-service] org.springframework.boot.devtools.autoconfigure.OptionalLiveReloadServer - LiveReload server is running on port 35729
[INFO ] 2025-01-18 20:02:31.714 [restartedMain] [quiz-management-service] org.apache.coyote.http11.Http11NioProtocol - Starting ProtocolHandler ["http-nio-8082"]
[INFO ] 2025-01-18 20:02:31.718 [restartedMain] [quiz-management-service] org.springframework.boot.web.embedded.tomcat.TomcatWebServer - Tomcat started on port 8082 (http) with context path '/'
[INFO ] 2025-01-18 20:02:31.722 [restartedMain] [quiz-management-service] com.example.quiz_management_service.QuizManagementServiceApplication - Started QuizManagementServiceApplication in 0.527 seconds (process running for 3154.569)
[INFO ] 2025-01-18 20:02:31.724 [restartedMain] [quiz-management-service] org.springframework.boot.devtools.autoconfigure.ConditionEvaluationDeltaLoggingListener - Condition evaluation unchanged
